<?xml version="1.0" encoding="UTF-8"?>
<testng-results skipped="0" failed="0" ignored="0" total="1" passed="1">
  <reporter-output>
  </reporter-output>
  <suite name="Suite" duration-ms="50078" started-at="2018-05-16T09:41:45Z" finished-at="2018-05-16T09:42:35Z">
    <groups>
    </groups>
    <test name="Test" duration-ms="50078" started-at="2018-05-16T09:41:45Z" finished-at="2018-05-16T09:42:35Z">
      <class name="maven.mavenexample.TC001">
        <test-method status="PASS" signature="SetUp(java.lang.String)[pri:0, instance:maven.mavenexample.TC001@11758f2a]" name="SetUp" is-config="true" duration-ms="45219" started-at="2018-05-16T09:41:45Z" finished-at="2018-05-16T09:42:30Z">
          <params>
            <param index="0">
              <value>
                <![CDATA[chrome]]>
              </value>
            </param>
          </params>
          <reporter-output>
          </reporter-output>
        </test-method> <!-- SetUp -->
        <test-method status="PASS" signature="customerLogin()[pri:0, instance:maven.mavenexample.TC001@11758f2a]" name="customerLogin" duration-ms="4768" started-at="2018-05-16T09:42:30Z" finished-at="2018-05-16T09:42:35Z">
          <reporter-output>
          </reporter-output>
        </test-method> <!-- customerLogin -->
        <test-method status="PASS" signature="killProcess()[pri:0, instance:maven.mavenexample.TC001@11758f2a]" name="killProcess" is-config="true" duration-ms="1" started-at="2018-05-16T09:42:35Z" finished-at="2018-05-16T09:42:35Z">
          <reporter-output>
          </reporter-output>
        </test-method> <!-- killProcess -->
      </class> <!-- maven.mavenexample.TC001 -->
    </test> <!-- Test -->
  </suite> <!-- Suite -->
</testng-results>
